

[Foreground Window : *Sans titre - Bloc-notes]
<SHIFTKEY><LSHIFTKEY><SHIFTKEY>c<LSHIFTKEY>eci esst un tesst mdr<OEMCOMMA> bon en rvai c'est absu<D2><SHIFTKEY><LSHIFTKEY><SHIFTKEY><LSHIFTKEY><OEMPERIOD><SHIFTKEY><LSHIFTKEY><OEMPERIOD><SHIFTKEY><LSHIFTKEY><OEMPERIOD>
<SHIFTKEY><LSHIFTKEY><SHIFTKEY>d<LSHIFTKEY>e ouf
<SHIFTKEY>g<LSHIFTKEY>o dissccord

[Foreground Window : #général - Discord]
voila discor dmdr<OEMCOMMA> tellemnt styl<D2> ce trucc

[Foreground Window : Debug]


[Foreground Window : log-04-03-2021 - Bloc-notes]


[Foreground Window : *log-04-03-2021 - Bloc-notes]
c<DELETE><BACK><OEMCOMMA><BACK>ee<BACK><BACK><BACK>usesedg<BACK><BACK>vro<OEMCOMMA><OEMCOMMA><BACK><BACK><BACK><BACK><BACK>

[Foreground Window : Outil Capture d’écran]


[Foreground Window : #général - Discord]


[Foreground Window : @??? - Discord]


[Foreground Window : @Funeoz - Discord]
c'est uncroyablek <BACK><BACK><BACK>e en vrai<CONTROLKEY><LCONTROLKEY><CONTROLKEY><LCONTROLKEY><CONTROLKEY>v<LCONTROLKEY>
j'ai meem le nom de la fefeentere <BACK><BACK><BACK><BACK>rte utilis<D2>
pas ecnor eparfait<OEMCOMMA> egnre <D9>a <BACK> predn pas le utf<SHIFTKEY><LSHIFTKEY><SHIFTKEY><D8> maais bon


[Foreground Window : Debug]


[Foreground Window : log-04-03-2021 - Bloc-notes]


[Foreground Window : Debug]


[Foreground Window : Keylogger (Exécution) - Microsoft Visual Studio]
<CONTROLKEY><LCONTROLKEY><CONTROLKEY><LCONTROLKEY><CONTROLKEY>s<LCONTROLKEY>

[Foreground Window : Cortana]
cal


[Foreground Window : Calculatrice]


[Foreground Window : .net - How do I get the title of the current active window using c#? - Stack Overflow - Google Chrome]


[Foreground Window : Nouvel onglet - Google Chrome]
d2 accs<BACK><BACK>sssi<BACK><BACK><BACK><BACK>sscci<DOWN>


[Foreground Window : d2 ascii - Recherche Google - Google Chrome]
<MBUTTON>

[Foreground Window : ASCII Table - Google Chrome]
<CONTROLKEY><LCONTROLKEY><CONTROLKEY>f<LCONTROLKEY>d2<MBUTTON><MBUTTON><MBUTTON><MBUTTON>

[Foreground Window : Nouvel onglet - Google Chrome]
ac<BACK><BACK><BACK><BACK>c<CONTROLKEY><LCONTROLKEY><CONTROLKEY><MENU><LCONTROLKEY><LMENU><MENU><D3><LMENU> acsii <DOWN>to<DOWN><DOWN><DOWN>


[Foreground Window : c# ascii to utf8 - Recherche Google - Google Chrome]
<MBUTTON>

[Foreground Window : Sans titre - Google Chrome]


[Foreground Window : Se connecter à votre compte Microsoft - Google Chrome]


[Foreground Window : c# ascii to utf8 - Recherche Google - Google Chrome]
<MBUTTON><MBUTTON>

[Foreground Window : encoding - Converting problem ANSI to UTF8 C# - Stack Overflow - Google Chrome]


[Foreground Window : c# ascii to utf8 - Recherche Google - Google Chrome]
<MBUTTON>

[Foreground Window : Encoding.Convert Méthode (System.Text) | Microsoft Docs - Google Chrome]


[Foreground Window : c# ascii to utf8 - Recherche Google - Google Chrome]
<MBUTTON>

[Foreground Window : Lecture et conversion utf8 en ASCII - C# - Google Chrome]
<MBUTTON>

[Foreground Window : Sans titre - Google Chrome]


[Foreground Window : Encoding Class (System.Text) | Microsoft Docs - Google Chrome]
<MBUTTON>

[Foreground Window : UTF8Encoding Class (System.Text) | Microsoft Docs - Google Chrome]


[Foreground Window : c# ascii to utf8 - Recherche Google - Google Chrome]


[Foreground Window : Lecture et conversion utf8 en ASCII - C# - Google Chrome]


[Foreground Window : Encoding Class (System.Text) | Microsoft Docs - Google Chrome]


[Foreground Window : UTF8Encoding Class (System.Text) | Microsoft Docs - Google Chrome]


[Foreground Window : ASCII Table - Google Chrome]


[Foreground Window : d2 ascii - Recherche Google - Google Chrome]


[Foreground Window : .net - How do I get the title of the current active window using c#? - Stack Overflow - Google Chrome]


[Foreground Window : dsqdsdqsd qsd qsd dsqd - Recherche Google - Google Chrome]


[Foreground Window : Enregistreur de frappe maison. Ecrire un keylogger indétectable en C # - HackMag - Google Chrome]


[Foreground Window : Keylogger (Exécution) - Microsoft Visual Studio]


[Foreground Window : @Funeoz - Discord]


[Foreground Window : @co3os - Discord]



[Foreground Window : Keylogger (Exécution) - Microsoft Visual Studio]
<CONTROLKEY><LCONTROLKEY><CONTROLKEY><LCONTROLKEY><CONTROLKEY><LCONTROLKEY><CONTROLKEY>s<LCONTROLKEY><CONTROLKEY>s<LCONTROLKEY><CONTROLKEY><LCONTROLKEY><CONTROLKEY><LCONTROLKEY><CONTROLKEY><LCONTROLKEY><CONTROLKEY>s<LCONTROLKEY><CONTROLKEY><LCONTROLKEY><CONTROLKEY>s<LCONTROLKEY><CONTROLKEY>s<LCONTROLKEY>